(0000) 3000  0011000000000000 (   2)                 .ORIG x3000
(3000) 5020  0101000000100000 (   3)                 AND   R0 R0 #0
(3001) 5260  0101001001100000 (   4)                 AND   R1 R1 #0
(3002) 54A0  0101010010100000 (   5)                 AND   R2 R2 #0
(3003) 56E0  0101011011100000 (   6)                 AND   R3 R3 #0
(3004) 5920  0101100100100000 (   7)                 AND   R4 R4 #0
(3005) 5B60  0101101101100000 (   8)                 AND   R5 R5 #0
(3006) 5DA0  0101110110100000 (   9)                 AND   R6 R6 #0
(3007) 5FE0  0101111111100000 (  10)                 AND   R7 R7 #0
(3008) E0AB  1110000010101011 (  12) Term1           LEA   R0 AskTerm1
(3009) F022  1111000000100010 (  14)                 TRAP  x22
(300A) E2FF  1110001011111111 (  16)                 LEA   R1 TERM1
(300B) 4827  0100100000100111 (  17)                 JSR   Loop1
(300C) E4FD  1110010011111101 (  19) Break1          LEA   R2 TERM1
(300D) 94BF  1001010010111111 (  20)                 NOT   R2 R2
(300E) 14A1  0001010010100001 (  21)                 ADD   R2 R2 #1
(300F) 1242  0001001001000010 (  22)                 ADD   R1 R1 R2
(3010) 4832  0100100000110010 (  24)                 JSR   ASCIItoBinary
(3011) 1C20  0001110000100000 (  26)                 ADD   R6 R0 #0
(3012) E0B2  1110000010110010 (  28) Term2           LEA   R0 AskTerm2
(3013) F022  1111000000100010 (  30)                 TRAP  x22
(3014) E2F5  1110001011110101 (  32)                 LEA   R1 TERM1
(3015) 4825  0100100000100101 (  33)                 JSR   Loop2
(3016) E6F3  1110011011110011 (  35) Break2          LEA   R3 TERM1
(3017) 96FF  1001011011111111 (  36)                 NOT   R3 R3
(3018) 16E1  0001011011100001 (  37)                 ADD   R3 R3 #1
(3019) 1243  0001001001000011 (  38)                 ADD   R1 R1 R3
(301A) 4828  0100100000101000 (  40)                 JSR   ASCIItoBinary
(301B) 1620  0001011000100000 (  41)                 ADD   R3 R0 #0
(301C) 15A0  0001010110100000 (  43)                 ADD   R2 R6 #0
(301D) E0B4  1110000010110100 (  45)                 LEA   R0 AskOp
(301E) F022  1111000000100010 (  46)                 TRAP  x22
(301F) F020  1111000000100000 (  47)                 TRAP  x20
(3020) F021  1111000000100001 (  48)                 TRAP  x21
(3021) 22F1  0010001011110001 (  49) TestOp          LD    R1 PLUS
(3022) 1240  0001001001000000 (  50)                 ADD   R1 R1 R0
(3023) 043E  0000010000111110 (  51)                 BRZ   ADDITION
(3024) 22EF  0010001011101111 (  53)                 LD    R1 MINUS
(3025) 1240  0001001001000000 (  54)                 ADD   R1 R1 R0
(3026) 043D  0000010000111101 (  55)                 BRZ   SUBTRACTION
(3027) 22ED  0010001011101101 (  57)                 LD    R1 MULT
(3028) 1240  0001001001000000 (  58)                 ADD   R1 R1 R0
(3029) 043E  0000010000111110 (  59)                 BRZ   MULTIPLICATION
(302A) 22EB  0010001011101011 (  61)                 LD    R1 DIVIDE
(302B) 1240  0001001001000000 (  62)                 ADD   R1 R1 R0
(302C) 043F  0000010000111111 (  63)                 BRZ   DIVISION
(302D) 4846  0100100001000110 (  64) OUTPUT          JSR   BinarytoASCII
(302E) 206F  0010000001101111 (  65)                 LD    R0 NewlineChar
(302F) F021  1111000000100001 (  66)                 TRAP  x21
(3030) E062  1110000001100010 (  67)                 LEA   R0 ASCIIBUFF
(3031) F022  1111000000100010 (  68)                 TRAP  x22
(3032) F025  1111000000100101 (  70)                 TRAP  x25
(3033) F020  1111000000100000 (  71) Loop1           TRAP  x20
(3034) F021  1111000000100001 (  73)                 TRAP  x21
(3035) 2EDC  0010111011011100 (  74)                 LD    R7 nl
(3036) 1FC0  0001111111000000 (  75)                 ADD   R7 R7 R0
(3037) 05D4  0000010111010100 (  76)                 BRZ   Break1
(3038) 7040  0111000001000000 (  77)                 STR   R0 R1 #0
(3039) 1261  0001001001100001 (  78)                 ADD   R1 R1 #1
(303A) 0BF8  0000101111111000 (  79)                 BRNP  Loop1
(303B) F020  1111000000100000 (  81) Loop2           TRAP  x20
(303C) F021  1111000000100001 (  83)                 TRAP  x21
(303D) 2ED4  0010111011010100 (  84)                 LD    R7 nl
(303E) 1FC0  0001111111000000 (  85)                 ADD   R7 R7 R0
(303F) 05D6  0000010111010110 (  86)                 BRZ   Break2
(3040) 7040  0111000001000000 (  87)                 STR   R0 R1 #0
(3041) 1261  0001001001100001 (  88)                 ADD   R1 R1 #1
(3042) 0BF8  0000101111111000 (  89)                 BRNP  Loop2
(3043) 5020  0101000000100000 (  91) ASCIItoBinary   AND   R0 R0 #0
(3044) 1260  0001001001100000 (  92)                 ADD   R1 R1 #0
(3045) 0419  0000010000011001 (  93)                 BRZ   Return
(3046) 2658  0010011001011000 (  95)                 LD    R3 NegASCIIOffset
(3047) E4C2  1110010011000010 (  96)                 LEA   R2 TERM1
(3048) 1481  0001010010000001 (  97)                 ADD   R2 R2 R1
(3049) 14BF  0001010010111111 (  98)                 ADD   R2 R2 #-1
(304A) 6880  0110100010000000 ( 100)                 LDR   R4 R2 #0
(304B) 1903  0001100100000011 ( 101)                 ADD   R4 R4 R3
(304C) 1004  0001000000000100 ( 102)                 ADD   R0 R0 R4
(304D) 127F  0001001001111111 ( 104)                 ADD   R1 R1 #-1
(304E) 0410  0000010000010000 ( 105)                 BRZ   Return
(304F) 14BF  0001010010111111 ( 106)                 ADD   R2 R2 #-1
(3050) 6880  0110100010000000 ( 108)                 LDR   R4 R2 #0
(3051) 1903  0001100100000011 ( 109)                 ADD   R4 R4 R3
(3052) EA4D  1110101001001101 ( 110)                 LEA   R5 LookUp10
(3053) 1B44  0001101101000100 ( 111)                 ADD   R5 R5 R4
(3054) 6940  0110100101000000 ( 112)                 LDR   R4 R5 #0
(3055) 1004  0001000000000100 ( 113)                 ADD   R0 R0 R4
(3056) 127F  0001001001111111 ( 115)                 ADD   R1 R1 #-1
(3057) 0407  0000010000000111 ( 116)                 BRZ   Return
(3058) 14BF  0001010010111111 ( 117)                 ADD   R2 R2 #-1
(3059) 6880  0110100010000000 ( 119)                 LDR   R4 R2 #0
(305A) 1903  0001100100000011 ( 120)                 ADD   R4 R4 R3
(305B) EA4E  1110101001001110 ( 121)                 LEA   R5 LookUp100
(305C) 1B44  0001101101000100 ( 122)                 ADD   R5 R5 R4
(305D) 6940  0110100101000000 ( 123)                 LDR   R4 R5 #0
(305E) 1004  0001000000000100 ( 124)                 ADD   R0 R0 R4
(305F) C1C0  1100000111000000 ( 125) Return          RET   
(3060) 000A  0000000000001010 ( 130) MyNum           .FILL x000A
(3061) 0005  0000000000000101 ( 131) MyNumB          .FILL x0005
(3062) 1083  0001000010000011 ( 136) ADDITION        ADD   R0 R2 R3
(3063) 0FC9  0000111111001001 ( 137)                 BRNZP OUTPUT
(3064) 96FF  1001011011111111 ( 139) SUBTRACTION     NOT   R3 R3
(3065) 16E1  0001011011100001 ( 140)                 ADD   R3 R3 #1
(3066) 1083  0001000010000011 ( 141)                 ADD   R0 R2 R3
(3067) 0FC5  0000111111000101 ( 142)                 BRNZP OUTPUT
(3068) 1002  0001000000000010 ( 145) MULTIPLICATION  ADD   R0 R0 R2
(3069) 16FF  0001011011111111 ( 146)                 ADD   R3 R3 #-1
(306A) 03FD  0000001111111101 ( 147)                 BRP   MULTIPLICATION
(306B) 0FC1  0000111111000001 ( 148)                 BRNZP OUTPUT
(306C) 5DA0  0101110110100000 ( 151) DIVISION        AND   R6 R6 #0
(306D) 96FF  1001011011111111 ( 152)                 NOT   R3 R3
(306E) 16E1  0001011011100001 ( 153)                 ADD   R3 R3 #1
(306F) 1DA1  0001110110100001 ( 154) DivLoop         ADD   R6 R6 #1
(3070) 1483  0001010010000011 ( 155)                 ADD   R2 R2 R3
(3071) 03FD  0000001111111101 ( 156)                 BRP   DivLoop
(3072) 11A0  0001000110100000 ( 157)                 ADD   R0 R6 #0
(3073) 0FB9  0000111110111001 ( 158)                 BRNZP OUTPUT
(3074) E21E  1110001000011110 ( 165) BinarytoASCII   LEA   R1 ASCIIBUFF
(3075) 1020  0001000000100000 ( 166)                 ADD   R0 R0 #0
(3076) 0803  0000100000000011 ( 167)                 BRN   NegSign
(3077) 2420  0010010000100000 ( 168)                 LD    R2 ASCIIplus
(3078) 7440  0111010001000000 ( 169)                 STR   R2 R1 #0
(3079) 0E04  0000111000000100 ( 170)                 BRNZP Begin100
(307A) 241E  0010010000011110 ( 171) NegSign         LD    R2 ASCIIminus
(307B) 7440  0111010001000000 ( 172)                 STR   R2 R1 #0
(307C) 903F  1001000000111111 ( 173)                 NOT   R0 R0
(307D) 1021  0001000000100001 ( 174)                 ADD   R0 R0 #1
(307E) 241B  0010010000011011 ( 176) Begin100        LD    R2 ASCIIoffset
(307F) 261B  0010011000011011 ( 178)                 LD    R3 Neg100
(3080) 1003  0001000000000011 ( 179) Loop100         ADD   R0 R0 R3
(3081) 0802  0000100000000010 ( 180)                 BRN   End100
(3082) 14A1  0001010010100001 ( 181)                 ADD   R2 R2 #1
(3083) 0FFC  0000111111111100 ( 182)                 BRNZP Loop100
(3084) 7441  0111010001000001 ( 184) End100          STR   R2 R1 #1
(3085) 2616  0010011000010110 ( 185)                 LD    R3 Pos100
(3086) 1003  0001000000000011 ( 186)                 ADD   R0 R0 R3
(3087) 2412  0010010000010010 ( 188)                 LD    R2 ASCIIoffset
(3088) 2614  0010011000010100 ( 190) Begin10         LD    R3 Neg10
(3089) 1003  0001000000000011 ( 191) Loop10          ADD   R0 R0 R3
(308A) 0802  0000100000000010 ( 192)                 BRN   End10
(308B) 14A1  0001010010100001 ( 193)                 ADD   R2 R2 #1
(308C) 0FFC  0000111111111100 ( 194)                 BRNZP Loop10
(308D) 7442  0111010001000010 ( 196) End10           STR   R2 R1 #2
(308E) 102A  0001000000101010 ( 197)                 ADD   R0 R0 #10
(308F) 240A  0010010000001010 ( 198) Begin1          LD    R2 ASCIIoffset
(3090) 1480  0001010010000000 ( 199)                 ADD   R2 R2 R0
(3091) 7443  0111010001000011 ( 200)                 STR   R2 R1 #3
(3092) C1C0  1100000111000000 ( 201)                 RET   
(3093) 0000  0000000000000000 ( 204) ASCIIBUFF       .FILL x0000
(3094) 0000  0000000000000000 ( 204)                 .FILL x0000
(3095) 0000  0000000000000000 ( 204)                 .FILL x0000
(3096) 0000  0000000000000000 ( 204)                 .FILL x0000
(3097) 0000  0000000000000000 ( 204)                 .FILL x0000
(3098) 002B  0000000000101011 ( 204) ASCIIplus       .FILL x002B
(3099) 002D  0000000000101101 ( 205) ASCIIminus      .FILL x002D
(309A) 0030  0000000000110000 ( 206) ASCIIoffset     .FILL x0030
(309B) FF9C  1111111110011100 ( 207) Neg100          .FILL xFF9C
(309C) 0064  0000000001100100 ( 208) Pos100          .FILL x0064
(309D) FFF6  1111111111110110 ( 209) Neg10           .FILL xFFF6
(309E) 000A  0000000000001010 ( 210) NewlineChar     .FILL x000A
(309F) FFD0  1111111111010000 ( 211) NegASCIIOffset  .FILL xFFD0
(30A0) 0000  0000000000000000 ( 213) LookUp10        .FILL x0000
(30A1) 000A  0000000000001010 ( 214)                 .FILL x000A
(30A2) 0014  0000000000010100 ( 215)                 .FILL x0014
(30A3) 001E  0000000000011110 ( 216)                 .FILL x001E
(30A4) 0028  0000000000101000 ( 217)                 .FILL x0028
(30A5) 0032  0000000000110010 ( 218)                 .FILL x0032
(30A6) 003C  0000000000111100 ( 219)                 .FILL x003C
(30A7) 0046  0000000001000110 ( 220)                 .FILL x0046
(30A8) 0050  0000000001010000 ( 221)                 .FILL x0050
(30A9) 005A  0000000001011010 ( 222)                 .FILL x005A
(30AA) 0000  0000000000000000 ( 224) LookUp100       .FILL x0000
(30AB) 0064  0000000001100100 ( 225)                 .FILL x0064
(30AC) 00C8  0000000011001000 ( 226)                 .FILL x00C8
(30AD) 012C  0000000100101100 ( 227)                 .FILL x012C
(30AE) 0190  0000000110010000 ( 228)                 .FILL x0190
(30AF) 01F4  0000000111110100 ( 229)                 .FILL x01F4
(30B0) 0258  0000001001011000 ( 230)                 .FILL x0258
(30B1) 02BC  0000001010111100 ( 231)                 .FILL x02BC
(30B2) 0320  0000001100100000 ( 232)                 .FILL x0320
(30B3) 0384  0000001110000100 ( 233)                 .FILL x0384
(30B4) 0033  0000000000110011 ( 237) AskTerm1        .FILL x0033
(30B5) 0020  0000000000100000 ( 237)                 .FILL x0020
(30B6) 0044  0000000001000100 ( 237)                 .FILL x0044
(30B7) 0049  0000000001001001 ( 237)                 .FILL x0049
(30B8) 0047  0000000001000111 ( 237)                 .FILL x0047
(30B9) 0049  0000000001001001 ( 237)                 .FILL x0049
(30BA) 0054  0000000001010100 ( 237)                 .FILL x0054
(30BB) 0020  0000000000100000 ( 237)                 .FILL x0020
(30BC) 004E  0000000001001110 ( 237)                 .FILL x004E
(30BD) 0055  0000000001010101 ( 237)                 .FILL x0055
(30BE) 004D  0000000001001101 ( 237)                 .FILL x004D
(30BF) 0042  0000000001000010 ( 237)                 .FILL x0042
(30C0) 0045  0000000001000101 ( 237)                 .FILL x0045
(30C1) 0052  0000000001010010 ( 237)                 .FILL x0052
(30C2) 003A  0000000000111010 ( 237)                 .FILL x003A
(30C3) 0020  0000000000100000 ( 237)                 .FILL x0020
(30C4) 0000  0000000000000000 ( 237)                 .FILL x0000
(30C5) 004E  0000000001001110 ( 238) AskTerm2        .FILL x004E
(30C6) 0045  0000000001000101 ( 238)                 .FILL x0045
(30C7) 0058  0000000001011000 ( 238)                 .FILL x0058
(30C8) 0054  0000000001010100 ( 238)                 .FILL x0054
(30C9) 0020  0000000000100000 ( 238)                 .FILL x0020
(30CA) 0033  0000000000110011 ( 238)                 .FILL x0033
(30CB) 0020  0000000000100000 ( 238)                 .FILL x0020
(30CC) 0044  0000000001000100 ( 238)                 .FILL x0044
(30CD) 0049  0000000001001001 ( 238)                 .FILL x0049
(30CE) 0047  0000000001000111 ( 238)                 .FILL x0047
(30CF) 003A  0000000000111010 ( 238)                 .FILL x003A
(30D0) 0020  0000000000100000 ( 238)                 .FILL x0020
(30D1) 0000  0000000000000000 ( 238)                 .FILL x0000
(30D2) 0057  0000000001010111 ( 239) AskOp           .FILL x0057
(30D3) 0068  0000000001101000 ( 239)                 .FILL x0068
(30D4) 0061  0000000001100001 ( 239)                 .FILL x0061
(30D5) 0074  0000000001110100 ( 239)                 .FILL x0074
(30D6) 0020  0000000000100000 ( 239)                 .FILL x0020
(30D7) 0074  0000000001110100 ( 239)                 .FILL x0074
(30D8) 0079  0000000001111001 ( 239)                 .FILL x0079
(30D9) 0070  0000000001110000 ( 239)                 .FILL x0070
(30DA) 0065  0000000001100101 ( 239)                 .FILL x0065
(30DB) 0020  0000000000100000 ( 239)                 .FILL x0020
(30DC) 006F  0000000001101111 ( 239)                 .FILL x006F
(30DD) 0066  0000000001100110 ( 239)                 .FILL x0066
(30DE) 0020  0000000000100000 ( 239)                 .FILL x0020
(30DF) 0061  0000000001100001 ( 239)                 .FILL x0061
(30E0) 0072  0000000001110010 ( 239)                 .FILL x0072
(30E1) 0069  0000000001101001 ( 239)                 .FILL x0069
(30E2) 0074  0000000001110100 ( 239)                 .FILL x0074
(30E3) 0068  0000000001101000 ( 239)                 .FILL x0068
(30E4) 006D  0000000001101101 ( 239)                 .FILL x006D
(30E5) 0065  0000000001100101 ( 239)                 .FILL x0065
(30E6) 0074  0000000001110100 ( 239)                 .FILL x0074
(30E7) 0069  0000000001101001 ( 239)                 .FILL x0069
(30E8) 0063  0000000001100011 ( 239)                 .FILL x0063
(30E9) 0020  0000000000100000 ( 239)                 .FILL x0020
(30EA) 0077  0000000001110111 ( 239)                 .FILL x0077
(30EB) 006F  0000000001101111 ( 239)                 .FILL x006F
(30EC) 0075  0000000001110101 ( 239)                 .FILL x0075
(30ED) 006C  0000000001101100 ( 239)                 .FILL x006C
(30EE) 0064  0000000001100100 ( 239)                 .FILL x0064
(30EF) 0020  0000000000100000 ( 239)                 .FILL x0020
(30F0) 0079  0000000001111001 ( 239)                 .FILL x0079
(30F1) 006F  0000000001101111 ( 239)                 .FILL x006F
(30F2) 0075  0000000001110101 ( 239)                 .FILL x0075
(30F3) 0020  0000000000100000 ( 239)                 .FILL x0020
(30F4) 006C  0000000001101100 ( 239)                 .FILL x006C
(30F5) 0069  0000000001101001 ( 239)                 .FILL x0069
(30F6) 006B  0000000001101011 ( 239)                 .FILL x006B
(30F7) 0065  0000000001100101 ( 239)                 .FILL x0065
(30F8) 0020  0000000000100000 ( 239)                 .FILL x0020
(30F9) 0074  0000000001110100 ( 239)                 .FILL x0074
(30FA) 006F  0000000001101111 ( 239)                 .FILL x006F
(30FB) 0020  0000000000100000 ( 239)                 .FILL x0020
(30FC) 0064  0000000001100100 ( 239)                 .FILL x0064
(30FD) 006F  0000000001101111 ( 239)                 .FILL x006F
(30FE) 0020  0000000000100000 ( 239)                 .FILL x0020
(30FF) 0028  0000000000101000 ( 239)                 .FILL x0028
(3100) 002B  0000000000101011 ( 239)                 .FILL x002B
(3101) 0020  0000000000100000 ( 239)                 .FILL x0020
(3102) 002D  0000000000101101 ( 239)                 .FILL x002D
(3103) 0020  0000000000100000 ( 239)                 .FILL x0020
(3104) 002A  0000000000101010 ( 239)                 .FILL x002A
(3105) 0020  0000000000100000 ( 239)                 .FILL x0020
(3106) 002F  0000000000101111 ( 239)                 .FILL x002F
(3107) 0029  0000000000101001 ( 239)                 .FILL x0029
(3108) 003F  0000000000111111 ( 239)                 .FILL x003F
(3109) 0000  0000000000000000 ( 239)                 .FILL x0000
(310A) 0000  0000000000000000 ( 241) TERM1           .FILL x0000
(310B) 0000  0000000000000000 ( 241)                 .FILL x0000
(310C) 0000  0000000000000000 ( 241)                 .FILL x0000
(310D) 0000  0000000000000000 ( 241)                 .FILL x0000
(310E) 0000  0000000000000000 ( 242) TERM2           .FILL x0000
(310F) 0000  0000000000000000 ( 242)                 .FILL x0000
(3110) 0000  0000000000000000 ( 242)                 .FILL x0000
(3111) 0000  0000000000000000 ( 242)                 .FILL x0000
(3112) FFF6  1111111111110110 ( 242) nl              .FILL xFFF6
(3113) FFD5  1111111111010101 ( 243) PLUS            .FILL xFFD5
(3114) FFD3  1111111111010011 ( 244) MINUS           .FILL xFFD3
(3115) FFD6  1111111111010110 ( 245) MULT            .FILL xFFD6
(3116) FFD1  1111111111010001 ( 246) DIVIDE          .FILL xFFD1
